07:18:52 INFO 读取地级市边界...
07:18:53 INFO 加载地级市边界: 148 个
07:18:53 INFO 加载 148 个地级市
07:18:53 INFO 处理 CLCD 2011 (CLCD_v01_2011_albert.tif)...
07:18:54 INFO   shape=(135079, 161378)
07:20:27 INFO 处理 CLCD 2012 (CLCD_v01_2012_albert.tif)...
07:20:27 INFO   shape=(135079, 161378)
07:21:56 INFO 处理 CLCD 2013 (CLCD_v01_2013_albert.tif)...
07:21:56 INFO   shape=(135079, 161378)
07:23:19 INFO 处理 CLCD 2014 (CLCD_v01_2014_albert.tif)...
07:23:19 INFO   shape=(135079, 161378)
07:24:44 INFO 处理 CLCD 2015 (CLCD_v01_2015_albert.tif)...
07:24:44 INFO   shape=(135079, 161378)
07:26:08 INFO 处理 CLCD 2016 (CLCD_v01_2016_albert.tif)...
07:26:09 INFO   shape=(135079, 161378)
07:27:37 INFO 处理 CLCD 2017 (CLCD_v01_2017_albert.tif)...
07:27:38 INFO   shape=(135079, 161378)
07:28:53 INFO 处理 CLCD 2018 (CLCD_v01_2018_albert.tif)...
07:28:53 INFO   shape=(135079, 161378)
07:30:06 INFO 处理 CLCD 2019 (CLCD_v01_2019_albert.tif)...
07:30:07 INFO   shape=(135079, 161378)
07:31:36 INFO 处理 CLCD 2020 (CLCD_v01_2020_albert.tif)...
07:31:36 INFO   shape=(135079, 161378)
07:33:06 INFO 处理 CLCD 2021 (CLCD_v01_2021_albert.tif)...
07:33:07 INFO   shape=(135079, 161378)
07:34:27 INFO 处理 CLCD 2022 (CLCD_v01_2022_albert.tif)...
07:34:27 INFO   shape=(135079, 161378)
07:35:40 INFO 处理 CLCD 2023 (CLCD_v01_2023_albert.tif)...
07:35:40 INFO   shape=(135079, 161378)
07:37:00 INFO ✅ 写入 /home/slz/workspace/DC-AIino/data/interim/city_cropland_ratio_yearly_v5.parquet (1924 rows)

=== 10 省 aggregate 耕地比例变化（2011 vs 2023） ===
  黑龙江           0.4305 → 0.4449  ↑ +0.0143 (+3.3%)
  吉林            0.4881 → 0.4938  ↑ +0.0058 (+1.2%)
  湖南            0.3531 → 0.3494  ↓ -0.0037 (-1.0%)
  安徽            0.6164 → 0.6124  ↓ -0.0040 (-0.6%)
  湖北            0.5472 → 0.5351  ↓ -0.0121 (-2.2%)
  江苏            0.6542 → 0.6357  ↓ -0.0185 (-2.8%)
  河北            0.5169 → 0.4976  ↓ -0.0194 (-3.7%)
  河南            0.6821 → 0.6534  ↓ -0.0287 (-4.2%)
  四川            0.5250 → 0.4956  ↓ -0.0295 (-5.6%)
  山东            0.6375 → 0.5986  ↓ -0.0389 (-6.1%)

已完成年份: [2011, 2012, 2013, 2014, 2015, 2016, 2017, 2018, 2019, 2020, 2021, 2022, 2023]
跳过年份: []
