07:43:18 INFO 加载地级市 GeoJSON...
07:43:20 INFO 加载 148 个地级市
07:43:21 INFO 中心点已保存: /home/slz/workspace/DC-AIino/data/interim/city_centroids_v5.csv
07:43:21 INFO [1/148] 黑龙江 哈尔滨市 (127.4099, 45.3676)
07:43:36 INFO   → 13 年数据
07:43:36 INFO [2/148] 黑龙江 齐齐哈尔市 (124.6099, 47.5770)
07:43:52 INFO   → 13 年数据
07:43:52 INFO [3/148] 黑龙江 鸡西市 (132.4730, 45.7353)
07:44:08 INFO   → 13 年数据
07:44:08 INFO [4/148] 黑龙江 鹤岗市 (130.4509, 47.7085)
07:44:24 INFO   → 13 年数据
07:44:24 INFO [5/148] 黑龙江 双鸭山市 (131.4869, 46.8372)
07:44:39 INFO   → 13 年数据
07:44:39 INFO [6/148] 黑龙江 大庆市 (124.4255, 46.4331)
07:44:56 INFO   → 13 年数据
07:44:56 INFO [7/148] 黑龙江 伊春市 (128.9209, 47.9656)
07:45:12 INFO   → 13 年数据
07:45:12 INFO [8/148] 黑龙江 佳木斯市 (132.3364, 47.2033)
07:45:28 INFO   → 13 年数据
07:45:28 INFO [9/148] 黑龙江 七台河市 (130.8660, 45.9199)
07:45:44 INFO   → 13 年数据
07:45:44 INFO [10/148] 黑龙江 牡丹江市 (129.9313, 44.7049)
07:45:57 INFO   → 13 年数据
07:45:57 INFO [11/148] 黑龙江 黑河市 (127.2106, 49.3040)
07:46:12 INFO   → 13 年数据
07:46:12 INFO [12/148] 黑龙江 绥化市 (126.5401, 46.8023)
07:46:26 INFO   → 13 年数据
07:46:26 INFO [13/148] 黑龙江 大兴安岭地区 (124.5450, 52.2360)
07:46:41 INFO   → 13 年数据
07:46:41 INFO [14/148] 河南 郑州市 (113.4910, 34.6256)
07:46:56 INFO   → 13 年数据
07:46:56 INFO [15/148] 河南 开封市 (114.5267, 34.6108)
07:47:11 INFO   → 13 年数据
07:47:11 INFO [16/148] 河南 洛阳市 (111.8960, 34.3215)
07:47:27 INFO   → 13 年数据
07:47:27 INFO [17/148] 河南 平顶山市 (112.9168, 33.7378)
07:47:41 INFO   → 13 年数据
07:47:41 INFO [18/148] 河南 安阳市 (113.9141, 35.7853)
07:47:56 INFO   → 13 年数据
07:47:56 INFO [19/148] 河南 鹤壁市 (114.4010, 35.7487)
07:48:11 INFO   → 13 年数据
07:48:11 INFO [20/148] 河南 新乡市 (113.9410, 35.3562)
07:48:25 INFO   → 13 年数据
07:48:25 INFO [21/148] 河南 焦作市 (113.1483, 35.1549)
07:48:40 INFO   → 13 年数据
07:48:40 INFO [22/148] 河南 濮阳市 (115.3069, 35.7742)
07:48:54 INFO   → 13 年数据
07:48:54 INFO [23/148] 河南 许昌市 (113.8040, 34.0449)
07:49:09 INFO   → 13 年数据
07:49:09 INFO [24/148] 河南 漯河市 (113.9114, 33.6970)
07:49:25 INFO   → 13 年数据
07:49:25 INFO [25/148] 河南 三门峡市 (110.8281, 34.3114)
07:49:39 INFO   → 13 年数据
07:49:39 INFO [26/148] 河南 南阳市 (112.1965, 33.0286)
07:49:54 INFO   → 13 年数据
07:49:54 INFO [27/148] 河南 商丘市 (115.6371, 34.2833)
07:50:08 INFO   → 13 年数据
07:50:08 INFO [28/148] 河南 信阳市 (114.8545, 32.0212)
07:50:24 INFO   → 13 年数据
07:50:24 INFO [29/148] 河南 周口市 (114.9250, 33.6968)
07:50:39 INFO   → 13 年数据
07:50:39 INFO [30/148] 河南 驻马店市 (114.1269, 32.9050)
07:50:54 INFO   → 13 年数据
07:50:54 INFO [31/148] 河南 济源市 (112.4056, 35.0871)
07:51:07 INFO   → 13 年数据
07:51:07 INFO [32/148] 山东 济南市 (117.2799, 36.7615)
07:51:18 INFO   → 13 年数据
07:51:18 INFO [33/148] 山东 青岛市 (120.3079, 36.3638)
07:51:28 INFO   → 13 年数据
07:51:28 INFO [34/148] 山东 淄博市 (117.9430, 36.6027)
07:51:41 INFO   → 13 年数据
07:51:41 INFO [35/148] 山东 枣庄市 (117.4226, 34.8866)
07:51:56 INFO   → 13 年数据
07:51:56 INFO [36/148] 山东 东营市 (118.5622, 37.5514)
07:52:09 INFO   → 13 年数据
07:52:09 INFO [37/148] 山东 烟台市 (120.7895, 37.2042)
07:52:23 INFO   → 13 年数据
07:52:23 INFO [38/148] 山东 潍坊市 (119.0668, 36.5068)
07:52:36 INFO   → 13 年数据
07:52:36 INFO [39/148] 山东 济宁市 (116.6388, 35.2041)
07:52:51 INFO   → 13 年数据
07:52:51 INFO [40/148] 山东 泰安市 (117.0488, 36.0536)
07:53:05 INFO   → 13 年数据
07:53:05 INFO [41/148] 山东 威海市 (122.1257, 37.1458)
07:53:19 INFO   → 13 年数据
07:53:19 INFO [42/148] 山东 日照市 (119.1922, 35.5581)
07:53:33 INFO   → 13 年数据
07:53:33 INFO [43/148] 山东 临沂市 (118.3128, 35.2917)
07:53:47 INFO   → 13 年数据
07:53:47 INFO [44/148] 山东 德州市 (116.4732, 37.2108)
07:54:02 INFO   → 13 年数据
07:54:02 INFO [45/148] 山东 聊城市 (115.9315, 36.4059)
07:54:16 INFO   → 13 年数据
07:54:16 INFO [46/148] 山东 滨州市 (117.7261, 37.4981)
07:54:30 INFO   → 13 年数据
07:54:30 INFO [47/148] 山东 菏泽市 (115.6060, 35.2167)
07:54:44 INFO   → 13 年数据
07:54:44 INFO [48/148] 吉林 长春市 (125.6158, 44.2071)
07:54:58 INFO   → 13 年数据
07:54:58 INFO [49/148] 吉林 吉林市 (126.8717, 43.6073)
07:55:14 INFO   → 13 年数据
07:55:14 INFO [50/148] 吉林 四平市 (124.2760, 43.4668)
07:55:27 INFO   → 13 年数据
07:55:27 INFO [51/148] 吉林 辽源市 (125.4161, 42.7675)
07:55:44 INFO   → 13 年数据
07:55:44 INFO [52/148] 吉林 通化市 (125.7329, 41.9420)
07:55:58 INFO   → 13 年数据
07:55:58 INFO [53/148] 吉林 白山市 (127.2004, 42.1016)
07:56:14 INFO   → 13 年数据
07:56:14 INFO [54/148] 吉林 松原市 (124.2445, 44.7632)
07:56:30 INFO   → 13 年数据
07:56:30 INFO [55/148] 吉林 白城市 (123.1596, 45.2698)
07:56:46 INFO   → 13 年数据
07:56:46 INFO [56/148] 吉林 延边朝鲜族自治州 (129.4462, 43.2570)
07:57:07 INFO   → 13 年数据
07:57:07 INFO [57/148] 安徽 合肥市 (117.3375, 31.7405)
07:57:20 INFO   → 13 年数据
07:57:20 INFO [58/148] 安徽 芜湖市 (118.2845, 31.0924)
07:57:35 INFO   → 13 年数据
07:57:35 INFO [59/148] 安徽 蚌埠市 (117.4169, 33.1061)
07:57:50 INFO   → 13 年数据
07:57:50 INFO [60/148] 安徽 淮南市 (116.7765, 32.4545)
07:58:04 INFO   → 13 年数据
07:58:04 INFO [61/148] 安徽 马鞍山市 (118.2920, 31.6735)
07:58:18 INFO   → 13 年数据
07:58:18 INFO [62/148] 安徽 淮北市 (116.7085, 33.6896)
07:58:34 INFO   → 13 年数据
07:58:34 INFO [63/148] 安徽 铜陵市 (117.5949, 30.8789)
07:58:48 INFO   → 13 年数据
07:58:48 INFO [64/148] 安徽 安庆市 (116.5725, 30.5312)
07:59:04 INFO   → 13 年数据
07:59:04 INFO [65/148] 安徽 黄山市 (117.8718, 29.9537)
07:59:19 INFO   → 13 年数据
07:59:19 INFO [66/148] 安徽 滁州市 (117.9048, 32.5352)
07:59:34 INFO   → 13 年数据
07:59:34 INFO [67/148] 安徽 阜阳市 (115.4704, 32.9939)
07:59:49 INFO   → 13 年数据
07:59:49 INFO [68/148] 安徽 宿州市 (117.3268, 33.9634)
08:00:04 INFO   → 13 年数据
08:00:04 INFO [69/148] 安徽 六安市 (116.3083, 31.8008)
08:00:20 INFO   → 13 年数据
08:00:20 INFO [70/148] 安徽 亳州市 (116.1791, 33.4674)
08:00:36 INFO   → 13 年数据
08:00:36 INFO [71/148] 安徽 池州市 (117.3610, 30.2007)
08:00:51 INFO   → 13 年数据
08:00:51 INFO [72/148] 安徽 宣城市 (118.7098, 30.6358)
08:01:04 INFO   → 13 年数据
08:01:04 INFO [73/148] 湖南 长沙市 (113.2428, 28.2577)
08:01:17 INFO   → 13 年数据
08:01:17 INFO [74/148] 湖南 株洲市 (113.5301, 27.0317)
08:01:32 INFO   → 13 年数据
08:01:32 INFO [75/148] 湖南 湘潭市 (112.6363, 27.7060)
08:01:47 INFO   → 13 年数据
08:01:47 INFO [76/148] 湖南 衡阳市 (112.4902, 26.7828)
08:02:02 INFO   → 13 年数据
08:02:02 INFO [77/148] 湖南 邵阳市 (110.6889, 26.8110)
08:02:17 INFO   → 13 年数据
08:02:17 INFO [78/148] 湖南 岳阳市 (113.3017, 29.1342)
08:02:33 INFO   → 13 年数据
08:02:33 INFO [79/148] 湖南 常德市 (111.7232, 29.2616)
08:02:48 INFO   → 13 年数据
08:02:48 INFO [80/148] 湖南 张家界市 (110.5908, 29.3289)
08:03:02 INFO   → 13 年数据
08:03:02 INFO [81/148] 湖南 益阳市 (112.4441, 28.7524)
08:03:15 INFO   → 13 年数据
08:03:15 INFO [82/148] 湖南 郴州市 (113.1877, 25.8658)
08:03:29 INFO   → 13 年数据
08:03:29 INFO [83/148] 湖南 永州市 (111.8923, 25.7556)
08:03:44 INFO   → 13 年数据
08:03:44 INFO [84/148] 湖南 怀化市 (109.9987, 27.4532)
08:04:00 INFO   → 13 年数据
08:04:00 INFO [85/148] 湖南 娄底市 (111.4477, 27.7189)
08:04:13 INFO   → 13 年数据
08:04:13 INFO [86/148] 湖南 湘西土家族苗族自治州 (109.7698, 28.6763)
08:04:27 INFO   → 13 年数据
08:04:27 INFO [87/148] 河北 石家庄市 (114.6044, 38.1009)
08:04:42 INFO   → 13 年数据
08:04:42 INFO [88/148] 河北 唐山市 (118.2244, 39.6843)
08:04:55 INFO   → 13 年数据
08:04:55 INFO [89/148] 河北 秦皇岛市 (119.3584, 40.0178)
08:05:11 INFO   → 13 年数据
08:05:11 INFO [90/148] 河北 邯郸市 (114.4326, 36.5315)
08:05:27 INFO   → 13 年数据
08:05:27 INFO [91/148] 河北 邢台市 (114.7638, 37.2887)
08:05:43 INFO   → 13 年数据
08:05:43 INFO [92/148] 河北 保定市 (115.3343, 39.0944)
08:06:00 INFO   → 13 年数据
08:06:00 INFO [93/148] 河北 张家口市 (115.2338, 40.8535)
08:06:14 INFO   → 13 年数据
08:06:14 INFO [94/148] 河北 承德市 (117.1887, 41.4104)
08:06:28 INFO   → 13 年数据
08:06:28 INFO [95/148] 河北 沧州市 (116.8433, 38.2104)
08:06:43 INFO   → 13 年数据
08:06:43 INFO [96/148] 河北 廊坊市 (116.5374, 39.0421)
08:06:56 INFO   → 13 年数据
08:06:56 INFO [97/148] 河北 衡水市 (115.8998, 37.7202)
08:07:10 INFO   → 13 年数据
08:07:10 INFO [98/148] 四川 成都市 (103.8697, 30.7591)
08:07:24 INFO   → 13 年数据
08:07:24 INFO [99/148] 四川 自贡市 (104.6269, 29.2739)
08:07:37 INFO   → 13 年数据
08:07:37 INFO [100/148] 四川 攀枝花市 (101.9664, 26.9512)
08:07:49 INFO   → 13 年数据
08:07:49 INFO [101/148] 四川 泸州市 (105.4235, 28.4878)
08:08:01 INFO   → 13 年数据
08:08:01 INFO [102/148] 四川 德阳市 (104.4029, 31.1112)
08:08:14 INFO   → 13 年数据
08:08:14 INFO [103/148] 四川 绵阳市 (104.5944, 31.8722)
08:08:26 INFO   → 13 年数据
08:08:26 INFO [104/148] 四川 广元市 (105.9173, 32.2319)
08:08:38 INFO   → 13 年数据
08:08:38 INFO [105/148] 四川 遂宁市 (105.4776, 30.6612)
08:08:50 INFO   → 13 年数据
08:08:50 INFO [106/148] 四川 内江市 (104.8853, 29.6120)
08:09:02 INFO   → 13 年数据
08:09:02 INFO [107/148] 四川 乐山市 (103.5626, 29.1738)
08:09:13 INFO   → 13 年数据
08:09:13 INFO [108/148] 四川 南充市 (106.3322, 31.1558)
08:09:25 INFO   → 13 年数据
08:09:25 INFO [109/148] 四川 眉山市 (104.1017, 29.8745)
08:09:37 INFO   → 13 年数据
08:09:37 INFO [110/148] 四川 宜宾市 (104.7647, 28.5505)
08:09:51 INFO   → 13 年数据
08:09:51 INFO [111/148] 四川 广安市 (106.5910, 30.4299)
08:10:04 INFO   → 13 年数据
08:10:04 INFO [112/148] 四川 达州市 (107.6151, 31.3304)
08:10:19 INFO   → 13 年数据
08:10:19 INFO [113/148] 四川 雅安市 (102.6877, 29.8920)
08:10:34 INFO   → 13 年数据
08:10:34 INFO [114/148] 四川 巴中市 (107.0322, 31.9907)
08:10:49 INFO   → 13 年数据
08:10:49 INFO [115/148] 四川 资阳市 (105.0333, 30.1501)
08:11:04 INFO   → 13 年数据
08:11:04 INFO [116/148] 四川 阿坝藏族羌族自治州 (102.2653, 32.4554)
08:11:17 INFO   → 13 年数据
08:11:17 INFO [117/148] 四川 甘孜藏族自治州 (100.3698, 31.0865)
08:11:32 INFO   → 13 年数据
08:11:32 INFO [118/148] 四川 凉山彝族自治州 (102.0941, 27.6747)
08:11:46 INFO   → 13 年数据
08:11:46 INFO [119/148] 江苏 南京市 (118.7454, 31.9189)
08:11:59 INFO   → 13 年数据
08:11:59 INFO [120/148] 江苏 无锡市 (120.3411, 31.5506)
08:12:13 INFO   → 13 年数据
08:12:13 INFO [121/148] 江苏 徐州市 (117.8044, 34.3429)
08:12:25 INFO   → 13 年数据
08:12:25 INFO [122/148] 江苏 常州市 (119.4381, 31.6056)
08:12:40 INFO   → 13 年数据
08:12:40 INFO [123/148] 江苏 苏州市 (120.7353, 31.3998)
08:12:53 INFO   → 13 年数据
08:12:53 INFO [124/148] 江苏 南通市 (120.9341, 32.1610)
08:13:07 INFO   → 13 年数据
08:13:07 INFO [125/148] 江苏 连云港市 (119.0551, 34.5539)
08:13:22 INFO   → 13 年数据
08:13:22 INFO [126/148] 江苏 淮安市 (119.1202, 33.4055)
08:13:36 INFO   → 13 年数据
08:13:36 INFO [127/148] 江苏 盐城市 (120.0857, 33.5282)
08:13:49 INFO   → 13 年数据
08:13:49 INFO [128/148] 江苏 扬州市 (119.5622, 32.8175)
08:14:04 INFO   → 13 年数据
08:14:04 INFO [129/148] 江苏 镇江市 (119.4430, 31.9715)
08:14:18 INFO   → 13 年数据
08:14:18 INFO [130/148] 江苏 泰州市 (120.0395, 32.5768)
08:14:31 INFO   → 13 年数据
08:14:31 INFO [131/148] 江苏 宿迁市 (118.4858, 33.7795)
08:14:45 INFO   → 13 年数据
08:14:45 INFO [132/148] 湖北 武汉市 (114.3777, 30.6640)
08:15:00 INFO   → 13 年数据
08:15:00 INFO [133/148] 湖北 黄石市 (115.0197, 29.9176)
08:15:14 INFO   → 13 年数据
08:15:14 INFO [134/148] 湖北 十堰市 (110.4225, 32.3920)
08:15:28 INFO   → 13 年数据
08:15:28 INFO [135/148] 湖北 宜昌市 (111.2516, 30.7557)
08:15:41 INFO   → 13 年数据
08:15:41 INFO [136/148] 湖北 襄阳市 (112.0037, 31.9311)
08:15:55 INFO   → 13 年数据
08:15:55 INFO [137/148] 湖北 鄂州市 (114.9057, 30.3201)
08:16:11 INFO   → 13 年数据
08:16:11 INFO [138/148] 湖北 荆门市 (112.7013, 31.0043)
08:16:24 INFO   → 13 年数据
08:16:24 INFO [139/148] 湖北 孝感市 (113.8429, 31.1216)
08:16:39 INFO   → 13 年数据
08:16:39 INFO [140/148] 湖北 荆州市 (112.6136, 30.0451)
08:16:53 INFO   → 13 年数据
08:16:53 INFO [141/148] 湖北 黄冈市 (115.3102, 30.6640)
08:17:07 INFO   → 13 年数据
08:17:07 INFO [142/148] 湖北 咸宁市 (114.2773, 29.6629)
08:17:22 INFO   → 13 年数据
08:17:22 INFO [143/148] 湖北 随州市 (113.3968, 31.8800)
08:17:37 INFO   → 13 年数据
08:17:37 INFO [144/148] 湖北 恩施土家族苗族自治州 (109.4665, 30.2554)
08:17:51 INFO   → 13 年数据
08:17:51 INFO [145/148] 湖北 仙桃市 (113.3831, 30.3013)
08:18:07 INFO   → 13 年数据
08:18:07 INFO [146/148] 湖北 潜江市 (112.7370, 30.3647)
08:18:22 INFO   → 13 年数据
08:18:22 INFO [147/148] 湖北 天门市 (113.0873, 30.6387)
08:18:36 INFO   → 13 年数据
08:18:36 INFO [148/148] 湖北 神农架林区 (110.5831, 31.5755)
08:18:51 INFO   → 13 年数据
08:18:55 INFO ✅ 写入 /home/slz/workspace/DC-AIino/data/interim/nasa_power_city_yearly_v5.parquet (1924 行 × 7 列)

=== 抽样（河南 郑州市） ===
 year  temp_mean_c  prec_mm_day
 2011      14.3318       1.9423
 2012      14.2641       1.4472
 2013      15.6425       1.2541
 2014      15.5835       1.7266
 2015      14.9229       1.8824
 2016      15.3747       2.2285
 2017      15.5062       1.9101
 2018      15.4803       1.9539
 2019      16.0493       1.6315
 2020      15.3514       2.3714
 2021      15.5101       3.9342
 2022      15.5510       1.5623
 2023      15.5958       2.5968
